2025-07-05 17:40:51 update CI pipeline
2025-11-25 05:39:45 update API keys
2025-03-18 00:22:10 better error handling
2025-07-23 13:08:05 update dependencies
2025-09-10 12:02:04 update logging
2025-01-08 06:30:57 add helper function
2025-01-19 23:54:28 add tests
2025-03-29 03:54:12 small refactor
2025-05-18 09:31:14 improve security
2025-09-25 10:27:56 update README
2025-02-11 20:40:17 fix broken link
2025-08-21 03:14:05 add sample data
2025-09-10 06:31:03 add helper function
2025-06-09 10:02:29 add changelog
2025-05-02 15:09:56 optimize queries
2025-11-15 05:36:42 upgrade dependencies
2025-04-26 00:23:33 small refactor
2025-09-22 12:19:37 add integration tests
2025-07-23 03:49:39 update configs
2025-12-23 18:58:13 add tests
2025-01-29 08:18:40 rollback changes
2025-12-08 21:25:52 add tests
2025-12-17 22:16:22 fix misconfiguration
2025-01-12 22:12:06 update database schema
2025-03-31 01:01:24 fix docker build
2025-11-16 14:58:22 update comments
2025-05-02 06:52:57 simplify logic
2025-08-29 16:43:17 add integration tests
2025-02-26 05:07:39 enhance logging
2025-08-26 12:32:13 update docs with examples
2025-11-06 21:38:46 cleanup code
2025-03-25 05:06:43 fix typo in docs
2025-02-12 22:02:01 update headers
2025-09-21 02:30:39 simplify logic
2025-08-01 10:34:02 add logging
2025-05-21 08:28:42 small refactor
2025-08-04 19:26:13 fix warnings
2025-04-22 01:58:25 update gitignore
2025-06-08 13:18:05 update gitignore
2025-08-12 05:29:38 restructure project
2025-06-14 00:54:39 remove unused import
2025-02-20 03:30:25 update roadmap
2025-04-29 05:15:09 simplify logic
2025-04-05 08:46:04 add sample data
2025-04-10 22:59:00 simplify logic
2025-05-16 18:38:46 change configuration
2025-04-22 12:54:40 improve caching
2025-08-22 18:19:16 add helper function
2025-09-02 10:07:38 update constants
2025-06-22 15:55:05 fix async issue
2025-08-18 04:52:25 update constants
2025-02-13 17:31:46 minor refactor
2025-10-21 08:50:38 remove deprecated code
2025-07-22 21:42:52 add example file
2025-05-17 20:25:27 temporary fix
2025-04-28 19:01:37 remove test code
2025-11-28 13:47:01 reformat code
2025-04-30 23:55:52 experimental changes
2025-01-02 11:17:45 initial commit
2025-06-24 14:30:19 minor changes
2025-12-14 17:30:01 restructure modules
2025-08-07 07:12:12 add integration tests
2025-02-08 12:59:57 fix docker build
2025-11-28 08:00:49 fix warnings
2025-02-20 21:34:39 reorganize files
2025-09-12 05:19:45 improve UX
2025-07-28 02:26:05 update deployment script
2025-01-02 01:44:29 remove unused code
2025-01-29 13:12:55 optimize function
2025-06-29 14:30:41 reorganize files
